<?xml version="1.0" encoding="UTF-8"?>
<testng-results ignored="0" total="1" passed="1" failed="0" skipped="0">
  <reporter-output>
  </reporter-output>
  <suite started-at="2024-01-13T00:38:04 IST" name="Default suite" finished-at="2024-01-13T00:38:34 IST" duration-ms="29857">
    <groups>
    </groups>
    <test started-at="2024-01-13T00:38:04 IST" name="Default test" finished-at="2024-01-13T00:38:34 IST" duration-ms="29857">
      <class name="co.irctc.hotels.Main">
        <test-method signature="main()[pri:0, instance:co.irctc.hotels.Main@4ac3c60d]" started-at="2024-01-13T00:38:04 IST" name="main" finished-at="2024-01-13T00:38:34 IST" duration-ms="29831" status="PASS">
          <reporter-output>
          </reporter-output>
        </test-method> <!-- main -->
      </class> <!-- co.irctc.hotels.Main -->
    </test> <!-- Default test -->
  </suite> <!-- Default suite -->
</testng-results>
